Spider mode enabled. Check if remote file exists.
--2026-02-01 11:16:47--  https://pump.fun/coin/9DgKaWyhitMG1AtAdAAozy9ZspRUa42omzrZHnHw5FUN
Resolving pump.fun (pump.fun)... 104.18.34.22, 172.64.153.234, 2a06:98c1:3100::ac40:99ea, ...
Connecting to pump.fun (pump.fun)|104.18.34.22|:443... connected.
HTTP request sent, awaiting response... 200 OK
Length: unspecified [text/html]
Remote file exists and could contain links to other resources -- retrieving.

--2026-02-01 11:16:49--  https://pump.fun/coin/9DgKaWyhitMG1AtAdAAozy9ZspRUa42omzrZHnHw5FUN
Reusing existing connection to pump.fun:443.
HTTP request sent, awaiting response... 200 OK
Length: unspecified [text/html]
Saving to: ‘pump.fun/coin/9DgKaWyhitMG1AtAdAAozy9ZspRUa42omzrZHnHw5FUN.tmp.tmp’

     0K .......... .......... .......... .......... .......... 1.27M
    50K .......... .......... .......... .......... .......... 5.03M
   100K .......... .......... .......... ..........            4.75M=0.06s

2026-02-01 11:16:49 (2.43 MB/s) - ‘pump.fun/coin/9DgKaWyhitMG1AtAdAAozy9ZspRUa42omzrZHnHw5FUN.tmp.tmp’ saved [143724]

Removing pump.fun/coin/9DgKaWyhitMG1AtAdAAozy9ZspRUa42omzrZHnHw5FUN.tmp.tmp.

Found no broken links.

FINISHED --2026-02-01 11:16:49--
Total wall clock time: 1.5s
Downloaded: 1 files, 140K in 0.06s (2.43 MB/s)
