Spider mode enabled. Check if remote file exists.
--2026-02-01 11:16:38--  https://pump.fun/coin/BwUTq7fS6sfUmHDwAiCQZ3asSiPEapW5zDrsbwtapump
Resolving pump.fun (pump.fun)... 104.18.34.22, 172.64.153.234, 2a06:98c1:3100::ac40:99ea, ...
Connecting to pump.fun (pump.fun)|104.18.34.22|:443... connected.
HTTP request sent, awaiting response... 200 OK
Length: unspecified [text/html]
Remote file exists and could contain links to other resources -- retrieving.

--2026-02-01 11:16:39--  https://pump.fun/coin/BwUTq7fS6sfUmHDwAiCQZ3asSiPEapW5zDrsbwtapump
Reusing existing connection to pump.fun:443.
HTTP request sent, awaiting response... 200 OK
Length: unspecified [text/html]
Saving to: ‘pump.fun/coin/BwUTq7fS6sfUmHDwAiCQZ3asSiPEapW5zDrsbwtapump.tmp.tmp’

     0K .......... .......... .......... .......... .......... 4.92M
    50K .......... .......... .......... .......... .......... 3.87M
   100K .......... .......... .......... .......... ..........  243K
   150K .......... .......... .......... .......... .......... 11.0M
   200K ...                                                    16.9M=0.2s

2026-02-01 11:16:40 (875 KB/s) - ‘pump.fun/coin/BwUTq7fS6sfUmHDwAiCQZ3asSiPEapW5zDrsbwtapump.tmp.tmp’ saved [208830]

Removing pump.fun/coin/BwUTq7fS6sfUmHDwAiCQZ3asSiPEapW5zDrsbwtapump.tmp.tmp.

Found no broken links.

FINISHED --2026-02-01 11:16:40--
Total wall clock time: 1.3s
Downloaded: 1 files, 204K in 0.2s (875 KB/s)
